<?xml version="1.0" encoding="UTF-8"?>
<testsuite xmlns:xsi="http://www.w3.org/2001/XMLSchema-instance" xsi:noNamespaceSchemaLocation="https://maven.apache.org/surefire/maven-surefire-plugin/xsd/surefire-test-report.xsd" version="3.0.2" name="com.printscheduler.model.CountingSemaphoreTest" time="0.28" tests="14" errors="0" skipped="0" failures="0" flakes="0">
  <properties>
[...]
</properties>
  <testcase name="acquireBlocksWhenEmpty" classname="Blocking behaviour" time="0.114"/>
  <testcase name="acquireUnblocksOnRelease" classname="Blocking behaviour" time="0.053"/>
  <testcase name="interruptedAcquireThrows" classname="Blocking behaviour" time="0.052"/>
  <testcase name="acquireReleaseCycle" classname="Acquire / Release" time="0.001"/>
  <testcase name="releaseAboveInitial" classname="Acquire / Release" time="0.0"/>
  <testcase name="acquireDecrementsPermit" classname="Acquire / Release" time="0.001"/>
  <testcase name="releaseIncrementsPermit" classname="Acquire / Release" time="0.0"/>
  <testcase name="multipleAcquiresDrainPermits" classname="Acquire / Release" time="0.001"/>
  <testcase name="permitsAccurateUnderLoad" classname="Concurrent producer-consumer" time="0.009"/>
  <testcase name="concurrentReleasesAreSafe" classname="Concurrent producer-consumer" time="0.012"/>
  <testcase name="producerConsumerBalanced" classname="Concurrent producer-consumer" time="0.015"/>
  <testcase name="zeroPermits" classname="Construction" time="0.001"/>
  <testcase name="negativePermitsThrows" classname="Construction" time="0.001"/>
  <testcase name="initialPermits" classname="Construction" time="0.0"/>
</testsuite>