<?xml version="1.0" encoding="UTF-8"?>
<testsuite xmlns:xsi="http://www.w3.org/2001/XMLSchema-instance" xsi:noNamespaceSchemaLocation="https://maven.apache.org/surefire/maven-surefire-plugin/xsd/surefire-test-report.xsd" version="3.0.2" name="com.printscheduler.api.SimulationControllerIntegrationTest" time="12.69" tests="35" errors="0" skipped="0" failures="0" flakes="0">
  <properties>
[...]
</properties>
  <testcase name="fullLifecycle" classname="SimulationController – Integration" time="1.982">
    <system-out><![CDATA[15:34:59.601 [main] INFO org.springframework.test.context.support.AnnotationConfigContextLoaderUtils -- Could not detect default configuration classes for test class [com.printscheduler.api.SimulationControllerIntegrationTest]: SimulationControllerIntegrationTest does not declare any static, non-private, non-final, nested classes annotated with @Configuration.
15:35:00.235 [main] INFO org.springframework.boot.test.context.SpringBootTestContextBootstrapper -- Found @SpringBootConfiguration com.printscheduler.PrintSchedulerApplication for test class com.printscheduler.api.SimulationControllerIntegrationTest
15:35:00.525 [main] INFO org.springframework.test.context.support.AnnotationConfigContextLoaderUtils -- Could not detect default configuration classes for test class [com.printscheduler.api.SimulationControllerIntegrationTest]: SimulationControllerIntegrationTest does not declare any static, non-private, non-final, nested classes annotated with @Configuration.
15:35:00.529 [main] INFO org.springframework.boot.test.context.SpringBootTestContextBootstrapper -- Found @SpringBootConfiguration com.printscheduler.PrintSchedulerApplication for test class com.printscheduler.api.SimulationControllerIntegrationTest

  .   ____          _            __ _ _
 /\\ / ___'_ __ _ _(_)_ __  __ _ \ \ \ \
( ( )\___ | '_ | '_| | '_ \/ _` | \ \ \ \
 \\/  ___)| |_)| | | | | || (_| |  ) ) ) )
  '  |____| .__|_| |_|_| |_\__, | / / / /
 =========|_|==============|___/=/_/_/_/

 :: Spring Boot ::                (v4.0.6)

2026-06-05T15:35:03.044+05:00  INFO 79019 --- [smart-print-server] [           main] .p.a.SimulationControllerIntegrationTest : Starting SimulationControllerIntegrationTest using Java 26.0.1 with PID 79019 (started by hixam in /home/hixam/os-smart-print-server/backend)
2026-06-05T15:35:03.056+05:00 DEBUG 79019 --- [smart-print-server] [           main] .p.a.SimulationControllerIntegrationTest : Running with Spring Boot v4.0.6, Spring v7.0.7
2026-06-05T15:35:03.062+05:00  INFO 79019 --- [smart-print-server] [           main] .p.a.SimulationControllerIntegrationTest : No active profile set, falling back to 1 default profile: "default"
2026-06-05T15:35:06.009+05:00  INFO 79019 --- [smart-print-server] [           main] o.apache.catalina.core.StandardService   : Starting service [Tomcat]
2026-06-05T15:35:06.010+05:00  INFO 79019 --- [smart-print-server] [           main] o.apache.catalina.core.StandardEngine    : Starting Servlet engine: [Apache Tomcat/11.0.21]
2026-06-05T15:35:08.147+05:00  INFO 79019 --- [smart-print-server] [           main] .p.a.SimulationControllerIntegrationTest : Started SimulationControllerIntegrationTest in 6.752 seconds (process running for 12.489)
2026-06-05T15:35:09.681+05:00  INFO 79019 --- [smart-print-server] [o-auto-1-exec-1] o.a.c.c.C.[Tomcat].[localhost].[/]       : Initializing Spring DispatcherServlet 'dispatcherServlet'
2026-06-05T15:35:09.762+05:00  INFO 79019 --- [smart-print-server] [o-auto-1-exec-1] c.p.api.SimulationController             : POST /reset
2026-06-05T15:35:09.763+05:00 DEBUG 79019 --- [smart-print-server] [o-auto-1-exec-1] c.p.service.SimulationServiceImpl        : stop() called but simulation was already stopped — no-op
2026-06-05T15:35:09.763+05:00  INFO 79019 --- [smart-print-server] [o-auto-1-exec-1] c.p.service.SimulationServiceImpl        : Simulation RESET
2026-06-05T15:35:10.115+05:00  INFO 79019 --- [smart-print-server] [o-auto-1-exec-2] c.p.api.SimulationController             : POST /start — algo=HYBRID users=3 printers=2 capacity=10
2026-06-05T15:35:10.116+05:00  INFO 79019 --- [smart-print-server] [o-auto-1-exec-2] c.p.service.SimulationServiceImpl        : Simulation STARTED | users=3 printers=2 queue=10 algo=HYBRID speed=1.0x
2026-06-05T15:35:10.234+05:00  INFO 79019 --- [smart-print-server] [o-auto-1-exec-4] c.p.api.SimulationController             : POST /pause
2026-06-05T15:35:10.234+05:00  INFO 79019 --- [smart-print-server] [o-auto-1-exec-4] c.p.service.SimulationServiceImpl        : Simulation PAUSED
2026-06-05T15:35:10.250+05:00  INFO 79019 --- [smart-print-server] [o-auto-1-exec-6] c.p.api.SimulationController             : POST /resume
2026-06-05T15:35:10.250+05:00  INFO 79019 --- [smart-print-server] [o-auto-1-exec-6] c.p.service.SimulationServiceImpl        : Simulation RESUMED
2026-06-05T15:35:10.270+05:00  INFO 79019 --- [smart-print-server] [o-auto-1-exec-8] c.p.api.SimulationController             : POST /stop
2026-06-05T15:35:10.270+05:00  INFO 79019 --- [smart-print-server] [o-auto-1-exec-8] c.p.service.SimulationServiceImpl        : Simulation STOPPED (was RUNNING)
2026-06-05T15:35:10.286+05:00  INFO 79019 --- [smart-print-server] [-auto-1-exec-10] c.p.api.SimulationController             : POST /reset
2026-06-05T15:35:10.287+05:00 DEBUG 79019 --- [smart-print-server] [-auto-1-exec-10] c.p.service.SimulationServiceImpl        : stop() called but simulation was already stopped — no-op
2026-06-05T15:35:10.287+05:00  INFO 79019 --- [smart-print-server] [-auto-1-exec-10] c.p.service.SimulationServiceImpl        : Simulation RESET
]]></system-out>
    <system-err><![CDATA[Mockito is currently self-attaching to enable the inline-mock-maker. This will no longer work in future releases of the JDK. Please add Mockito as an agent to your build as described in Mockito's documentation: https://javadoc.io/doc/org.mockito/mockito-core/latest/org.mockito/org/mockito/Mockito.html#0.3
WARNING: A Java agent has been loaded dynamically (/home/hixam/.m2/repository/net/bytebuddy/byte-buddy-agent/1.17.8/byte-buddy-agent-1.17.8.jar)
WARNING: If a serviceability tool is in use, please run with -XX:+EnableDynamicAgentLoading to hide this warning
WARNING: If a serviceability tool is not in use, please run with -Djdk.instrument.traceUsage for more information
WARNING: Dynamic loading of agents will be disallowed by default in a future release
]]></system-err>
  </testcase>
  <testcase name="healthEndpoint" classname="SimulationController – Integration" time="0.026">
    <system-out><![CDATA[2026-06-05T15:35:10.327+05:00  INFO 79019 --- [smart-print-server] [o-auto-1-exec-1] c.p.api.SimulationController             : POST /reset
2026-06-05T15:35:10.328+05:00 DEBUG 79019 --- [smart-print-server] [o-auto-1-exec-1] c.p.service.SimulationServiceImpl        : stop() called but simulation was already stopped — no-op
2026-06-05T15:35:10.328+05:00  INFO 79019 --- [smart-print-server] [o-auto-1-exec-1] c.p.service.SimulationServiceImpl        : Simulation RESET
]]></system-out>
  </testcase>
  <testcase name="metricsEndpoint" classname="SimulationController – Integration" time="0.026">
    <system-out><![CDATA[2026-06-05T15:35:10.354+05:00  INFO 79019 --- [smart-print-server] [o-auto-1-exec-3] c.p.api.SimulationController             : POST /reset
2026-06-05T15:35:10.355+05:00 DEBUG 79019 --- [smart-print-server] [o-auto-1-exec-3] c.p.service.SimulationServiceImpl        : stop() called but simulation was already stopped — no-op
2026-06-05T15:35:10.355+05:00  INFO 79019 --- [smart-print-server] [o-auto-1-exec-3] c.p.service.SimulationServiceImpl        : Simulation RESET
]]></system-out>
  </testcase>
  <testcase name="pauseSuccess" classname="POST /pause" time="0.038">
    <system-out><![CDATA[2026-06-05T15:35:10.402+05:00  INFO 79019 --- [smart-print-server] [o-auto-1-exec-5] c.p.api.SimulationController             : POST /reset
2026-06-05T15:35:10.403+05:00 DEBUG 79019 --- [smart-print-server] [o-auto-1-exec-5] c.p.service.SimulationServiceImpl        : stop() called but simulation was already stopped — no-op
2026-06-05T15:35:10.403+05:00  INFO 79019 --- [smart-print-server] [o-auto-1-exec-5] c.p.service.SimulationServiceImpl        : Simulation RESET
2026-06-05T15:35:10.415+05:00  INFO 79019 --- [smart-print-server] [o-auto-1-exec-6] c.p.api.SimulationController             : POST /start — algo=HYBRID users=3 printers=2 capacity=10
2026-06-05T15:35:10.416+05:00  INFO 79019 --- [smart-print-server] [o-auto-1-exec-6] c.p.service.SimulationServiceImpl        : Simulation STARTED | users=3 printers=2 queue=10 algo=HYBRID speed=1.0x
2026-06-05T15:35:10.425+05:00  INFO 79019 --- [smart-print-server] [o-auto-1-exec-7] c.p.api.SimulationController             : POST /pause
2026-06-05T15:35:10.425+05:00  INFO 79019 --- [smart-print-server] [o-auto-1-exec-7] c.p.service.SimulationServiceImpl        : Simulation PAUSED
]]></system-out>
  </testcase>
  <testcase name="pauseWhenStopped" classname="POST /pause" time="0.045">
    <system-out><![CDATA[2026-06-05T15:35:10.449+05:00  INFO 79019 --- [smart-print-server] [o-auto-1-exec-8] c.p.api.SimulationController             : POST /reset
2026-06-05T15:35:10.450+05:00  INFO 79019 --- [smart-print-server] [o-auto-1-exec-8] c.p.service.SimulationServiceImpl        : Simulation STOPPED (was PAUSED)
2026-06-05T15:35:10.450+05:00  INFO 79019 --- [smart-print-server] [o-auto-1-exec-8] c.p.service.SimulationServiceImpl        : Simulation RESET
2026-06-05T15:35:10.463+05:00  INFO 79019 --- [smart-print-server] [o-auto-1-exec-9] c.p.api.SimulationController             : POST /pause
2026-06-05T15:35:10.468+05:00  WARN 79019 --- [smart-print-server] [o-auto-1-exec-9] c.p.api.GlobalExceptionHandler           : 409 – Cannot pause: simulation is not running
]]></system-out>
  </testcase>
  <testcase name="startSuccess" classname="POST /start" time="0.061">
    <system-out><![CDATA[2026-06-05T15:35:10.537+05:00  INFO 79019 --- [smart-print-server] [-auto-1-exec-10] c.p.api.SimulationController             : POST /reset
2026-06-05T15:35:10.540+05:00 DEBUG 79019 --- [smart-print-server] [-auto-1-exec-10] c.p.service.SimulationServiceImpl        : stop() called but simulation was already stopped — no-op
2026-06-05T15:35:10.541+05:00  INFO 79019 --- [smart-print-server] [-auto-1-exec-10] c.p.service.SimulationServiceImpl        : Simulation RESET
2026-06-05T15:35:10.560+05:00  INFO 79019 --- [smart-print-server] [o-auto-1-exec-1] c.p.api.SimulationController             : POST /start — algo=HYBRID users=3 printers=2 capacity=10
2026-06-05T15:35:10.561+05:00  INFO 79019 --- [smart-print-server] [o-auto-1-exec-1] c.p.service.SimulationServiceImpl        : Simulation STARTED | users=3 printers=2 queue=10 algo=HYBRID speed=1.0x
]]></system-out>
  </testcase>
  <testcase name="startValidationNumPrinters" classname="POST /start" time="0.058">
    <system-out><![CDATA[2026-06-05T15:35:10.609+05:00  INFO 79019 --- [smart-print-server] [o-auto-1-exec-2] c.p.api.SimulationController             : POST /reset
2026-06-05T15:35:10.612+05:00  INFO 79019 --- [smart-print-server] [o-auto-1-exec-2] c.p.service.SimulationServiceImpl        : Simulation STOPPED (was RUNNING)
2026-06-05T15:35:10.613+05:00  INFO 79019 --- [smart-print-server] [o-auto-1-exec-2] c.p.service.SimulationServiceImpl        : Simulation RESET
2026-06-05T15:35:10.640+05:00  WARN 79019 --- [smart-print-server] [o-auto-1-exec-3] c.p.api.GlobalExceptionHandler           : 400 – validation failed: {numPrinters=numPrinters must be between 1 and 20}
]]></system-out>
  </testcase>
  <testcase name="startValidationSpeed" classname="POST /start" time="0.028">
    <system-out><![CDATA[2026-06-05T15:35:10.661+05:00  INFO 79019 --- [smart-print-server] [o-auto-1-exec-4] c.p.api.SimulationController             : POST /reset
2026-06-05T15:35:10.661+05:00 DEBUG 79019 --- [smart-print-server] [o-auto-1-exec-4] c.p.service.SimulationServiceImpl        : stop() called but simulation was already stopped — no-op
2026-06-05T15:35:10.662+05:00  INFO 79019 --- [smart-print-server] [o-auto-1-exec-4] c.p.service.SimulationServiceImpl        : Simulation RESET
2026-06-05T15:35:10.675+05:00  WARN 79019 --- [smart-print-server] [o-auto-1-exec-5] c.p.api.GlobalExceptionHandler           : 400 – validation failed: {simulationSpeed=simulationSpeed must be between 0.1 and 10.0}
]]></system-out>
  </testcase>
  <testcase name="startValidationQueueCapacity" classname="POST /start" time="0.026">
    <system-out><![CDATA[2026-06-05T15:35:10.697+05:00  INFO 79019 --- [smart-print-server] [o-auto-1-exec-6] c.p.api.SimulationController             : POST /reset
2026-06-05T15:35:10.698+05:00 DEBUG 79019 --- [smart-print-server] [o-auto-1-exec-6] c.p.service.SimulationServiceImpl        : stop() called but simulation was already stopped — no-op
2026-06-05T15:35:10.698+05:00  INFO 79019 --- [smart-print-server] [o-auto-1-exec-6] c.p.service.SimulationServiceImpl        : Simulation RESET
2026-06-05T15:35:10.709+05:00  WARN 79019 --- [smart-print-server] [o-auto-1-exec-7] c.p.api.GlobalExceptionHandler           : 400 – validation failed: {queueCapacity=queueCapacity must be between 5 and 100}
]]></system-out>
  </testcase>
  <testcase name="startWhenAlreadyRunning" classname="POST /start" time="0.042">
    <system-out><![CDATA[2026-06-05T15:35:10.733+05:00  INFO 79019 --- [smart-print-server] [o-auto-1-exec-8] c.p.api.SimulationController             : POST /reset
2026-06-05T15:35:10.734+05:00 DEBUG 79019 --- [smart-print-server] [o-auto-1-exec-8] c.p.service.SimulationServiceImpl        : stop() called but simulation was already stopped — no-op
2026-06-05T15:35:10.734+05:00  INFO 79019 --- [smart-print-server] [o-auto-1-exec-8] c.p.service.SimulationServiceImpl        : Simulation RESET
2026-06-05T15:35:10.744+05:00  INFO 79019 --- [smart-print-server] [o-auto-1-exec-9] c.p.api.SimulationController             : POST /start — algo=HYBRID users=3 printers=2 capacity=10
2026-06-05T15:35:10.745+05:00  INFO 79019 --- [smart-print-server] [o-auto-1-exec-9] c.p.service.SimulationServiceImpl        : Simulation STARTED | users=3 printers=2 queue=10 algo=HYBRID speed=1.0x
2026-06-05T15:35:10.756+05:00  INFO 79019 --- [smart-print-server] [-auto-1-exec-10] c.p.api.SimulationController             : POST /start — algo=HYBRID users=3 printers=2 capacity=10
2026-06-05T15:35:10.757+05:00  WARN 79019 --- [smart-print-server] [-auto-1-exec-10] c.p.api.GlobalExceptionHandler           : 409 – Cannot start: simulation is already running
]]></system-out>
  </testcase>
  <testcase name="startMalformedBody" classname="POST /start" time="0.027">
    <system-out><![CDATA[2026-06-05T15:35:10.778+05:00  INFO 79019 --- [smart-print-server] [o-auto-1-exec-1] c.p.api.SimulationController             : POST /reset
2026-06-05T15:35:10.778+05:00  INFO 79019 --- [smart-print-server] [o-auto-1-exec-1] c.p.service.SimulationServiceImpl        : Simulation STOPPED (was RUNNING)
2026-06-05T15:35:10.779+05:00  INFO 79019 --- [smart-print-server] [o-auto-1-exec-1] c.p.service.SimulationServiceImpl        : Simulation RESET
2026-06-05T15:35:10.789+05:00  WARN 79019 --- [smart-print-server] [o-auto-1-exec-2] c.p.api.GlobalExceptionHandler           : 400 – malformed request body: JSON parse error: Unrecognized token 'not': was expecting (JSON String, Number, Array, Object or token 'null', 'true' or 'false')
]]></system-out>
  </testcase>
  <testcase name="startValidationNumUsers" classname="POST /start" time="0.027">
    <system-out><![CDATA[2026-06-05T15:35:10.810+05:00  INFO 79019 --- [smart-print-server] [o-auto-1-exec-3] c.p.api.SimulationController             : POST /reset
2026-06-05T15:35:10.811+05:00 DEBUG 79019 --- [smart-print-server] [o-auto-1-exec-3] c.p.service.SimulationServiceImpl        : stop() called but simulation was already stopped — no-op
2026-06-05T15:35:10.811+05:00  INFO 79019 --- [smart-print-server] [o-auto-1-exec-3] c.p.service.SimulationServiceImpl        : Simulation RESET
2026-06-05T15:35:10.821+05:00  WARN 79019 --- [smart-print-server] [o-auto-1-exec-4] c.p.api.GlobalExceptionHandler           : 400 – validation failed: {numUsers=numUsers must be between 1 and 20}
]]></system-out>
  </testcase>
  <testcase name="startValidationAlgorithm" classname="POST /start" time="0.024">
    <system-out><![CDATA[2026-06-05T15:35:10.844+05:00  INFO 79019 --- [smart-print-server] [o-auto-1-exec-5] c.p.api.SimulationController             : POST /reset
2026-06-05T15:35:10.844+05:00 DEBUG 79019 --- [smart-print-server] [o-auto-1-exec-5] c.p.service.SimulationServiceImpl        : stop() called but simulation was already stopped — no-op
2026-06-05T15:35:10.844+05:00  INFO 79019 --- [smart-print-server] [o-auto-1-exec-5] c.p.service.SimulationServiceImpl        : Simulation RESET
2026-06-05T15:35:10.854+05:00  WARN 79019 --- [smart-print-server] [o-auto-1-exec-6] c.p.api.GlobalExceptionHandler           : 400 – validation failed: {algorithm=algorithm must be one of: FCFS, SJF, HYBRID}
]]></system-out>
  </testcase>
  <testcase name="stateWhenStopped" classname="GET /state" time="0.021">
    <system-out><![CDATA[2026-06-05T15:35:10.892+05:00  INFO 79019 --- [smart-print-server] [o-auto-1-exec-7] c.p.api.SimulationController             : POST /reset
2026-06-05T15:35:10.892+05:00 DEBUG 79019 --- [smart-print-server] [o-auto-1-exec-7] c.p.service.SimulationServiceImpl        : stop() called but simulation was already stopped — no-op
2026-06-05T15:35:10.892+05:00  INFO 79019 --- [smart-print-server] [o-auto-1-exec-7] c.p.service.SimulationServiceImpl        : Simulation RESET
]]></system-out>
  </testcase>
  <testcase name="responseEnvelope" classname="GET /state" time="0.019">
    <system-out><![CDATA[2026-06-05T15:35:10.914+05:00  INFO 79019 --- [smart-print-server] [o-auto-1-exec-9] c.p.api.SimulationController             : POST /reset
2026-06-05T15:35:10.914+05:00 DEBUG 79019 --- [smart-print-server] [o-auto-1-exec-9] c.p.service.SimulationServiceImpl        : stop() called but simulation was already stopped — no-op
2026-06-05T15:35:10.914+05:00  INFO 79019 --- [smart-print-server] [o-auto-1-exec-9] c.p.service.SimulationServiceImpl        : Simulation RESET
]]></system-out>
  </testcase>
  <testcase name="stateWhenPaused" classname="GET /state" time="0.036">
    <system-out><![CDATA[2026-06-05T15:35:10.941+05:00  INFO 79019 --- [smart-print-server] [o-auto-1-exec-1] c.p.api.SimulationController             : POST /reset
2026-06-05T15:35:10.942+05:00 DEBUG 79019 --- [smart-print-server] [o-auto-1-exec-1] c.p.service.SimulationServiceImpl        : stop() called but simulation was already stopped — no-op
2026-06-05T15:35:10.942+05:00  INFO 79019 --- [smart-print-server] [o-auto-1-exec-1] c.p.service.SimulationServiceImpl        : Simulation RESET
2026-06-05T15:35:10.951+05:00  INFO 79019 --- [smart-print-server] [o-auto-1-exec-2] c.p.api.SimulationController             : POST /start — algo=HYBRID users=3 printers=2 capacity=10
2026-06-05T15:35:10.951+05:00  INFO 79019 --- [smart-print-server] [o-auto-1-exec-2] c.p.service.SimulationServiceImpl        : Simulation STARTED | users=3 printers=2 queue=10 algo=HYBRID speed=1.0x
2026-06-05T15:35:10.959+05:00  INFO 79019 --- [smart-print-server] [o-auto-1-exec-3] c.p.api.SimulationController             : POST /pause
2026-06-05T15:35:10.959+05:00  INFO 79019 --- [smart-print-server] [o-auto-1-exec-3] c.p.service.SimulationServiceImpl        : Simulation PAUSED
]]></system-out>
  </testcase>
  <testcase name="stateWhenRunning" classname="GET /state" time="0.028">
    <system-out><![CDATA[2026-06-05T15:35:10.983+05:00  INFO 79019 --- [smart-print-server] [o-auto-1-exec-5] c.p.api.SimulationController             : POST /reset
2026-06-05T15:35:10.984+05:00  INFO 79019 --- [smart-print-server] [o-auto-1-exec-5] c.p.service.SimulationServiceImpl        : Simulation STOPPED (was PAUSED)
2026-06-05T15:35:10.984+05:00  INFO 79019 --- [smart-print-server] [o-auto-1-exec-5] c.p.service.SimulationServiceImpl        : Simulation RESET
2026-06-05T15:35:10.993+05:00  INFO 79019 --- [smart-print-server] [o-auto-1-exec-6] c.p.api.SimulationController             : POST /start — algo=HYBRID users=3 printers=2 capacity=10
2026-06-05T15:35:10.993+05:00  INFO 79019 --- [smart-print-server] [o-auto-1-exec-6] c.p.service.SimulationServiceImpl        : Simulation STARTED | users=3 printers=2 queue=10 algo=HYBRID speed=1.0x
]]></system-out>
  </testcase>
  <testcase name="resetIdempotent" classname="POST /reset" time="0.023">
    <system-out><![CDATA[2026-06-05T15:35:11.024+05:00  INFO 79019 --- [smart-print-server] [o-auto-1-exec-8] c.p.api.SimulationController             : POST /reset
2026-06-05T15:35:11.024+05:00  INFO 79019 --- [smart-print-server] [o-auto-1-exec-8] c.p.service.SimulationServiceImpl        : Simulation STOPPED (was RUNNING)
2026-06-05T15:35:11.024+05:00  INFO 79019 --- [smart-print-server] [o-auto-1-exec-8] c.p.service.SimulationServiceImpl        : Simulation RESET
2026-06-05T15:35:11.033+05:00  INFO 79019 --- [smart-print-server] [o-auto-1-exec-9] c.p.api.SimulationController             : POST /reset
2026-06-05T15:35:11.033+05:00 DEBUG 79019 --- [smart-print-server] [o-auto-1-exec-9] c.p.service.SimulationServiceImpl        : stop() called but simulation was already stopped — no-op
2026-06-05T15:35:11.033+05:00  INFO 79019 --- [smart-print-server] [o-auto-1-exec-9] c.p.service.SimulationServiceImpl        : Simulation RESET
]]></system-out>
  </testcase>
  <testcase name="resetFromRunning" classname="POST /reset" time="0.023">
    <system-out><![CDATA[2026-06-05T15:35:11.048+05:00  INFO 79019 --- [smart-print-server] [-auto-1-exec-10] c.p.api.SimulationController             : POST /reset
2026-06-05T15:35:11.049+05:00 DEBUG 79019 --- [smart-print-server] [-auto-1-exec-10] c.p.service.SimulationServiceImpl        : stop() called but simulation was already stopped — no-op
2026-06-05T15:35:11.049+05:00  INFO 79019 --- [smart-print-server] [-auto-1-exec-10] c.p.service.SimulationServiceImpl        : Simulation RESET
2026-06-05T15:35:11.055+05:00  INFO 79019 --- [smart-print-server] [o-auto-1-exec-1] c.p.api.SimulationController             : POST /start — algo=HYBRID users=3 printers=2 capacity=10
2026-06-05T15:35:11.055+05:00  INFO 79019 --- [smart-print-server] [o-auto-1-exec-1] c.p.service.SimulationServiceImpl        : Simulation STARTED | users=3 printers=2 queue=10 algo=HYBRID speed=1.0x
2026-06-05T15:35:11.061+05:00  INFO 79019 --- [smart-print-server] [o-auto-1-exec-2] c.p.api.SimulationController             : POST /reset
2026-06-05T15:35:11.061+05:00  INFO 79019 --- [smart-print-server] [o-auto-1-exec-2] c.p.service.SimulationServiceImpl        : Simulation STOPPED (was RUNNING)
2026-06-05T15:35:11.061+05:00  INFO 79019 --- [smart-print-server] [o-auto-1-exec-2] c.p.service.SimulationServiceImpl        : Simulation RESET
]]></system-out>
  </testcase>
  <testcase name="stopSuccess" classname="POST /stop" time="0.033">
    <system-out><![CDATA[2026-06-05T15:35:11.092+05:00  INFO 79019 --- [smart-print-server] [o-auto-1-exec-3] c.p.api.SimulationController             : POST /reset
2026-06-05T15:35:11.092+05:00 DEBUG 79019 --- [smart-print-server] [o-auto-1-exec-3] c.p.service.SimulationServiceImpl        : stop() called but simulation was already stopped — no-op
2026-06-05T15:35:11.092+05:00  INFO 79019 --- [smart-print-server] [o-auto-1-exec-3] c.p.service.SimulationServiceImpl        : Simulation RESET
2026-06-05T15:35:11.101+05:00  INFO 79019 --- [smart-print-server] [o-auto-1-exec-4] c.p.api.SimulationController             : POST /start — algo=HYBRID users=3 printers=2 capacity=10
2026-06-05T15:35:11.102+05:00  INFO 79019 --- [smart-print-server] [o-auto-1-exec-4] c.p.service.SimulationServiceImpl        : Simulation STARTED | users=3 printers=2 queue=10 algo=HYBRID speed=1.0x
2026-06-05T15:35:11.109+05:00  INFO 79019 --- [smart-print-server] [o-auto-1-exec-5] c.p.api.SimulationController             : POST /stop
2026-06-05T15:35:11.109+05:00  INFO 79019 --- [smart-print-server] [o-auto-1-exec-5] c.p.service.SimulationServiceImpl        : Simulation STOPPED (was RUNNING)
]]></system-out>
  </testcase>
  <testcase name="stopWhenAlreadyStopped" classname="POST /stop" time="0.018">
    <system-out><![CDATA[2026-06-05T15:35:11.129+05:00  INFO 79019 --- [smart-print-server] [o-auto-1-exec-6] c.p.api.SimulationController             : POST /reset
2026-06-05T15:35:11.129+05:00 DEBUG 79019 --- [smart-print-server] [o-auto-1-exec-6] c.p.service.SimulationServiceImpl        : stop() called but simulation was already stopped — no-op
2026-06-05T15:35:11.129+05:00  INFO 79019 --- [smart-print-server] [o-auto-1-exec-6] c.p.service.SimulationServiceImpl        : Simulation RESET
2026-06-05T15:35:11.136+05:00  INFO 79019 --- [smart-print-server] [o-auto-1-exec-7] c.p.api.SimulationController             : POST /stop
2026-06-05T15:35:11.136+05:00 DEBUG 79019 --- [smart-print-server] [o-auto-1-exec-7] c.p.service.SimulationServiceImpl        : stop() called but simulation was already stopped — no-op
]]></system-out>
  </testcase>
  <testcase name="exportInvalidFormat" classname="GET /export" time="0.02">
    <system-out><![CDATA[2026-06-05T15:35:11.162+05:00  INFO 79019 --- [smart-print-server] [o-auto-1-exec-8] c.p.api.SimulationController             : POST /reset
2026-06-05T15:35:11.162+05:00 DEBUG 79019 --- [smart-print-server] [o-auto-1-exec-8] c.p.service.SimulationServiceImpl        : stop() called but simulation was already stopped — no-op
2026-06-05T15:35:11.162+05:00  INFO 79019 --- [smart-print-server] [o-auto-1-exec-8] c.p.service.SimulationServiceImpl        : Simulation RESET
]]></system-out>
  </testcase>
  <testcase name="exportMetricsCsv" classname="GET /export" time="0.022">
    <system-out><![CDATA[2026-06-05T15:35:11.185+05:00  INFO 79019 --- [smart-print-server] [-auto-1-exec-10] c.p.api.SimulationController             : POST /reset
2026-06-05T15:35:11.185+05:00 DEBUG 79019 --- [smart-print-server] [-auto-1-exec-10] c.p.service.SimulationServiceImpl        : stop() called but simulation was already stopped — no-op
2026-06-05T15:35:11.185+05:00  INFO 79019 --- [smart-print-server] [-auto-1-exec-10] c.p.service.SimulationServiceImpl        : Simulation RESET
]]></system-out>
  </testcase>
  <testcase name="exportInvalidType" classname="GET /export" time="0.018">
    <system-out><![CDATA[2026-06-05T15:35:11.210+05:00  INFO 79019 --- [smart-print-server] [o-auto-1-exec-2] c.p.api.SimulationController             : POST /reset
2026-06-05T15:35:11.210+05:00 DEBUG 79019 --- [smart-print-server] [o-auto-1-exec-2] c.p.service.SimulationServiceImpl        : stop() called but simulation was already stopped — no-op
2026-06-05T15:35:11.211+05:00  INFO 79019 --- [smart-print-server] [o-auto-1-exec-2] c.p.service.SimulationServiceImpl        : Simulation RESET
]]></system-out>
  </testcase>
  <testcase name="exportJson" classname="GET /export" time="0.022">
    <system-out><![CDATA[2026-06-05T15:35:11.233+05:00  INFO 79019 --- [smart-print-server] [o-auto-1-exec-4] c.p.api.SimulationController             : POST /reset
2026-06-05T15:35:11.233+05:00 DEBUG 79019 --- [smart-print-server] [o-auto-1-exec-4] c.p.service.SimulationServiceImpl        : stop() called but simulation was already stopped — no-op
2026-06-05T15:35:11.233+05:00  INFO 79019 --- [smart-print-server] [o-auto-1-exec-4] c.p.service.SimulationServiceImpl        : Simulation RESET
]]></system-out>
  </testcase>
  <testcase name="exportCsv" classname="GET /export" time="0.016">
    <system-out><![CDATA[2026-06-05T15:35:11.259+05:00  INFO 79019 --- [smart-print-server] [o-auto-1-exec-6] c.p.api.SimulationController             : POST /reset
2026-06-05T15:35:11.259+05:00 DEBUG 79019 --- [smart-print-server] [o-auto-1-exec-6] c.p.service.SimulationServiceImpl        : stop() called but simulation was already stopped — no-op
2026-06-05T15:35:11.259+05:00  INFO 79019 --- [smart-print-server] [o-auto-1-exec-6] c.p.service.SimulationServiceImpl        : Simulation RESET
]]></system-out>
  </testcase>
  <testcase name="exportMetricsJson" classname="GET /export" time="0.018">
    <system-out><![CDATA[2026-06-05T15:35:11.279+05:00  INFO 79019 --- [smart-print-server] [o-auto-1-exec-8] c.p.api.SimulationController             : POST /reset
2026-06-05T15:35:11.279+05:00 DEBUG 79019 --- [smart-print-server] [o-auto-1-exec-8] c.p.service.SimulationServiceImpl        : stop() called but simulation was already stopped — no-op
2026-06-05T15:35:11.279+05:00  INFO 79019 --- [smart-print-server] [o-auto-1-exec-8] c.p.service.SimulationServiceImpl        : Simulation RESET
]]></system-out>
  </testcase>
  <testcase name="configureEmptyBody" classname="PUT /configure" time="0.031">
    <system-out><![CDATA[2026-06-05T15:35:11.311+05:00  INFO 79019 --- [smart-print-server] [-auto-1-exec-10] c.p.api.SimulationController             : POST /reset
2026-06-05T15:35:11.312+05:00 DEBUG 79019 --- [smart-print-server] [-auto-1-exec-10] c.p.service.SimulationServiceImpl        : stop() called but simulation was already stopped — no-op
2026-06-05T15:35:11.312+05:00  INFO 79019 --- [smart-print-server] [-auto-1-exec-10] c.p.service.SimulationServiceImpl        : Simulation RESET
2026-06-05T15:35:11.319+05:00  INFO 79019 --- [smart-print-server] [o-auto-1-exec-1] c.p.api.SimulationController             : POST /start — algo=HYBRID users=3 printers=2 capacity=10
2026-06-05T15:35:11.320+05:00  INFO 79019 --- [smart-print-server] [o-auto-1-exec-1] c.p.service.SimulationServiceImpl        : Simulation STARTED | users=3 printers=2 queue=10 algo=HYBRID speed=1.0x
2026-06-05T15:35:11.331+05:00  INFO 79019 --- [smart-print-server] [o-auto-1-exec-2] c.p.api.SimulationController             : PUT /configure — com.printscheduler.api.dto.ConfigUpdateRequest@431c5ae3
]]></system-out>
  </testcase>
  <testcase name="configureInvalidSpeed" classname="PUT /configure" time="0.025">
    <system-out><![CDATA[2026-06-05T15:35:11.345+05:00  INFO 79019 --- [smart-print-server] [o-auto-1-exec-3] c.p.api.SimulationController             : POST /reset
2026-06-05T15:35:11.345+05:00  INFO 79019 --- [smart-print-server] [o-auto-1-exec-3] c.p.service.SimulationServiceImpl        : Simulation STOPPED (was RUNNING)
2026-06-05T15:35:11.345+05:00  INFO 79019 --- [smart-print-server] [o-auto-1-exec-3] c.p.service.SimulationServiceImpl        : Simulation RESET
2026-06-05T15:35:11.352+05:00  INFO 79019 --- [smart-print-server] [o-auto-1-exec-4] c.p.api.SimulationController             : POST /start — algo=HYBRID users=3 printers=2 capacity=10
2026-06-05T15:35:11.352+05:00  INFO 79019 --- [smart-print-server] [o-auto-1-exec-4] c.p.service.SimulationServiceImpl        : Simulation STARTED | users=3 printers=2 queue=10 algo=HYBRID speed=1.0x
2026-06-05T15:35:11.360+05:00  WARN 79019 --- [smart-print-server] [o-auto-1-exec-5] c.p.api.GlobalExceptionHandler           : 400 – validation failed: {simulationSpeed=simulationSpeed must be between 0.1 and 10.0}
]]></system-out>
  </testcase>
  <testcase name="configureSpeed" classname="PUT /configure" time="0.025">
    <system-out><![CDATA[2026-06-05T15:35:11.371+05:00  INFO 79019 --- [smart-print-server] [o-auto-1-exec-6] c.p.api.SimulationController             : POST /reset
2026-06-05T15:35:11.372+05:00  INFO 79019 --- [smart-print-server] [o-auto-1-exec-6] c.p.service.SimulationServiceImpl        : Simulation STOPPED (was RUNNING)
2026-06-05T15:35:11.372+05:00  INFO 79019 --- [smart-print-server] [o-auto-1-exec-6] c.p.service.SimulationServiceImpl        : Simulation RESET
2026-06-05T15:35:11.379+05:00  INFO 79019 --- [smart-print-server] [o-auto-1-exec-7] c.p.api.SimulationController             : POST /start — algo=HYBRID users=3 printers=2 capacity=10
2026-06-05T15:35:11.379+05:00  INFO 79019 --- [smart-print-server] [o-auto-1-exec-7] c.p.service.SimulationServiceImpl        : Simulation STARTED | users=3 printers=2 queue=10 algo=HYBRID speed=1.0x
2026-06-05T15:35:11.385+05:00  INFO 79019 --- [smart-print-server] [o-auto-1-exec-8] c.p.api.SimulationController             : PUT /configure — com.printscheduler.api.dto.ConfigUpdateRequest@a79e1bd
2026-06-05T15:35:11.385+05:00  INFO 79019 --- [smart-print-server] [o-auto-1-exec-8] c.p.service.SimulationServiceImpl        : Simulation speed changed to 2.5x
]]></system-out>
  </testcase>
  <testcase name="configureAlgorithm" classname="PUT /configure" time="0.024">
    <system-out><![CDATA[2026-06-05T15:35:11.398+05:00  INFO 79019 --- [smart-print-server] [o-auto-1-exec-9] c.p.api.SimulationController             : POST /reset
2026-06-05T15:35:11.399+05:00  INFO 79019 --- [smart-print-server] [o-auto-1-exec-9] c.p.service.SimulationServiceImpl        : Simulation STOPPED (was RUNNING)
2026-06-05T15:35:11.399+05:00  INFO 79019 --- [smart-print-server] [o-auto-1-exec-9] c.p.service.SimulationServiceImpl        : Simulation RESET
2026-06-05T15:35:11.406+05:00  INFO 79019 --- [smart-print-server] [-auto-1-exec-10] c.p.api.SimulationController             : POST /start — algo=HYBRID users=3 printers=2 capacity=10
2026-06-05T15:35:11.407+05:00  INFO 79019 --- [smart-print-server] [-auto-1-exec-10] c.p.service.SimulationServiceImpl        : Simulation STARTED | users=3 printers=2 queue=10 algo=HYBRID speed=1.0x
2026-06-05T15:35:11.413+05:00  INFO 79019 --- [smart-print-server] [o-auto-1-exec-1] c.p.api.SimulationController             : PUT /configure — com.printscheduler.api.dto.ConfigUpdateRequest@2048c3db
2026-06-05T15:35:11.414+05:00  INFO 79019 --- [smart-print-server] [o-auto-1-exec-1] c.p.service.SimulationServiceImpl        : Scheduler changed to SJF
]]></system-out>
  </testcase>
  <testcase name="configureInvalidAlgorithm" classname="PUT /configure" time="0.021">
    <system-out><![CDATA[2026-06-05T15:35:11.425+05:00  INFO 79019 --- [smart-print-server] [o-auto-1-exec-2] c.p.api.SimulationController             : POST /reset
2026-06-05T15:35:11.425+05:00  INFO 79019 --- [smart-print-server] [o-auto-1-exec-2] c.p.service.SimulationServiceImpl        : Simulation STOPPED (was RUNNING)
2026-06-05T15:35:11.425+05:00  INFO 79019 --- [smart-print-server] [o-auto-1-exec-2] c.p.service.SimulationServiceImpl        : Simulation RESET
2026-06-05T15:35:11.431+05:00  INFO 79019 --- [smart-print-server] [o-auto-1-exec-3] c.p.api.SimulationController             : POST /start — algo=HYBRID users=3 printers=2 capacity=10
2026-06-05T15:35:11.431+05:00  INFO 79019 --- [smart-print-server] [o-auto-1-exec-3] c.p.service.SimulationServiceImpl        : Simulation STARTED | users=3 printers=2 queue=10 algo=HYBRID speed=1.0x
2026-06-05T15:35:11.438+05:00  WARN 79019 --- [smart-print-server] [o-auto-1-exec-4] c.p.api.GlobalExceptionHandler           : 400 – validation failed: {algorithm=algorithm must be one of: FCFS, SJF, HYBRID}
]]></system-out>
  </testcase>
  <testcase name="configureJobInterval" classname="PUT /configure" time="0.022">
    <system-out><![CDATA[2026-06-05T15:35:11.449+05:00  INFO 79019 --- [smart-print-server] [o-auto-1-exec-5] c.p.api.SimulationController             : POST /reset
2026-06-05T15:35:11.449+05:00  INFO 79019 --- [smart-print-server] [o-auto-1-exec-5] c.p.service.SimulationServiceImpl        : Simulation STOPPED (was RUNNING)
2026-06-05T15:35:11.449+05:00  INFO 79019 --- [smart-print-server] [o-auto-1-exec-5] c.p.service.SimulationServiceImpl        : Simulation RESET
2026-06-05T15:35:11.455+05:00  INFO 79019 --- [smart-print-server] [o-auto-1-exec-6] c.p.api.SimulationController             : POST /start — algo=HYBRID users=3 printers=2 capacity=10
2026-06-05T15:35:11.456+05:00  INFO 79019 --- [smart-print-server] [o-auto-1-exec-6] c.p.service.SimulationServiceImpl        : Simulation STARTED | users=3 printers=2 queue=10 algo=HYBRID speed=1.0x
2026-06-05T15:35:11.462+05:00  INFO 79019 --- [smart-print-server] [o-auto-1-exec-7] c.p.api.SimulationController             : PUT /configure — com.printscheduler.api.dto.ConfigUpdateRequest@2065c58a
2026-06-05T15:35:11.462+05:00  INFO 79019 --- [smart-print-server] [o-auto-1-exec-7] c.p.service.SimulationServiceImpl        : Job interval changed to 500 ms
]]></system-out>
  </testcase>
  <testcase name="resumeSuccess" classname="POST /resume" time="0.031">
    <system-out><![CDATA[2026-06-05T15:35:11.482+05:00  INFO 79019 --- [smart-print-server] [o-auto-1-exec-8] c.p.api.SimulationController             : POST /reset
2026-06-05T15:35:11.483+05:00  INFO 79019 --- [smart-print-server] [o-auto-1-exec-8] c.p.service.SimulationServiceImpl        : Simulation STOPPED (was RUNNING)
2026-06-05T15:35:11.483+05:00  INFO 79019 --- [smart-print-server] [o-auto-1-exec-8] c.p.service.SimulationServiceImpl        : Simulation RESET
2026-06-05T15:35:11.491+05:00  INFO 79019 --- [smart-print-server] [o-auto-1-exec-9] c.p.api.SimulationController             : POST /start — algo=HYBRID users=3 printers=2 capacity=10
2026-06-05T15:35:11.491+05:00  INFO 79019 --- [smart-print-server] [o-auto-1-exec-9] c.p.service.SimulationServiceImpl        : Simulation STARTED | users=3 printers=2 queue=10 algo=HYBRID speed=1.0x
2026-06-05T15:35:11.498+05:00  INFO 79019 --- [smart-print-server] [-auto-1-exec-10] c.p.api.SimulationController             : POST /pause
2026-06-05T15:35:11.498+05:00  INFO 79019 --- [smart-print-server] [-auto-1-exec-10] c.p.service.SimulationServiceImpl        : Simulation PAUSED
2026-06-05T15:35:11.503+05:00  INFO 79019 --- [smart-print-server] [o-auto-1-exec-1] c.p.api.SimulationController             : POST /resume
2026-06-05T15:35:11.503+05:00  INFO 79019 --- [smart-print-server] [o-auto-1-exec-1] c.p.service.SimulationServiceImpl        : Simulation RESUMED
]]></system-out>
  </testcase>
  <testcase name="resumeWhenNotPaused" classname="POST /resume" time="0.015">
    <system-out><![CDATA[2026-06-05T15:35:11.515+05:00  INFO 79019 --- [smart-print-server] [o-auto-1-exec-2] c.p.api.SimulationController             : POST /reset
2026-06-05T15:35:11.515+05:00  INFO 79019 --- [smart-print-server] [o-auto-1-exec-2] c.p.service.SimulationServiceImpl        : Simulation STOPPED (was RUNNING)
2026-06-05T15:35:11.515+05:00  INFO 79019 --- [smart-print-server] [o-auto-1-exec-2] c.p.service.SimulationServiceImpl        : Simulation RESET
2026-06-05T15:35:11.520+05:00  INFO 79019 --- [smart-print-server] [o-auto-1-exec-3] c.p.api.SimulationController             : POST /resume
2026-06-05T15:35:11.521+05:00  WARN 79019 --- [smart-print-server] [o-auto-1-exec-3] c.p.api.GlobalExceptionHandler           : 409 – Cannot resume: simulation is not paused
]]></system-out>
  </testcase>
</testsuite>